<?xml version="1.0" encoding="UTF-8"?>
<!-- Generated by org.testng.reporters.JUnitXMLReporter -->
<testsuite hostname="DESKTOP-3HB8IKU" ignored="0" name="Test" tests="6" failures="2" timestamp="04 Oct 2019 06:21:51 GMT" time="0.058" errors="0">
  <testcase name="testMethodFail" time="0.008" classname="ExcelResult.TestClassOne">
    <failure type="java.lang.AssertionError" message="expected [true] but found [false]">
      <![CDATA[java.lang.AssertionError: expected [true] but found [false]
at ExcelResult.TestClassOne.testMethodFail(TestClassOne.java:17)
... Removed 29 stack frames]]>
    </failure>
  </testcase> <!-- testMethodFail -->
  <testcase name="testMethodPass" time="0.002" classname="ExcelResult.TestClassOne"/>
  <testcase name="testMethodSkip" time="0.003" classname="ExcelResult.TestClassOne">
    <skipped/>
  </testcase> <!-- testMethodSkip -->
  <testcase name="testMethodFail" time="0.001" classname="ExcelResult.TestClassTwo">
    <failure type="org.apache.commons.lang3.NotImplementedException" message="Failed Intentionally">
      <![CDATA[org.apache.commons.lang3.NotImplementedException: Failed Intentionally
at ExcelResult.TestClassTwo.testMethodFail(TestClassTwo.java:18)
... Removed 25 stack frames]]>
    </failure>
  </testcase> <!-- testMethodFail -->
  <testcase name="testMethodPass" time="0.001" classname="ExcelResult.TestClassTwo"/>
  <testcase name="testMethodSkip" time="0.002" classname="ExcelResult.TestClassTwo">
    <skipped/>
  </testcase> <!-- testMethodSkip -->
</testsuite> <!-- Test -->
